
> koa-project@1.0.0 start /root/projects/koa-project
> node app.js

app started at port 3000...

> koa-project@1.0.0 start /root/projects/koa-project
> node app.js

/root/projects/koa-project/app.js:10
router.get('/', async (ctx, next) => {
       ^

TypeError: router.get is not a function
    at Object.<anonymous> (/root/projects/koa-project/app.js:10:8)
    at Module._compile (internal/modules/cjs/loader.js:799:30)
    at Object.Module._extensions..js (internal/modules/cjs/loader.js:810:10)
    at Module.load (internal/modules/cjs/loader.js:666:32)
    at tryModuleLoad (internal/modules/cjs/loader.js:606:12)
    at Function.Module._load (internal/modules/cjs/loader.js:598:3)
    at Function.Module.runMain (internal/modules/cjs/loader.js:862:12)
    at internal/main/run_main_module.js:21:11
npm ERR! code ELIFECYCLE
npm ERR! errno 1
npm ERR! koa-project@1.0.0 start: `node app.js`
npm ERR! Exit status 1
npm ERR! 
npm ERR! Failed at the koa-project@1.0.0 start script.
npm ERR! This is probably not a problem with npm. There is likely additional logging output above.

npm ERR! A complete log of this run can be found in:
npm ERR!     /root/.npm/_logs/2019-03-29T06_35_01_913Z-debug.log

> koa-project@1.0.0 start /root/projects/koa-project
> node app.js

app started at port 3000...
Process GET /...
hhh
Process OPTIONS /?1553842982787...
Process GET /...
hhh
Process GET /...
hhh
Process GET /...
hhh
Process GET /...
hhh
Process GET /...
hhh
